<?xml version="1.0" encoding="UTF-8"?>
<!-- Generated by org.testng.reporters.JUnitReportReporter -->
<testsuite hostname="DTLP37" failures="0" tests="2" name="POM.ResgistrationPTest1" time="6.236" errors="0" timestamp="2024-05-09T12:46:38 IST" skipped="0">
  <testcase classname="POM.ResgistrationPTest1" name="setdata" time="0.382"/>
  <system-out/>
  <testcase classname="POM.ResgistrationPTest1" name="regi" time="5.854"/>
  <system-out/>
</testsuite> <!-- POM.ResgistrationPTest1 -->
