<?xml version="1.0" encoding="UTF-8"?>
<!-- Generated by org.testng.reporters.JUnitReportReporter -->
<testsuite hostname="DTLP37" failures="0" tests="1" name="FinalTest.Annotations" time="0.018" errors="0" timestamp="2024-05-14T18:02:49 IST" skipped="0">
  <testcase classname="FinalTest.Annotations" name="test1" time="0.018"/>
  <system-out/>
</testsuite> <!-- FinalTest.Annotations -->
