<?xml version="1.0" encoding="UTF-8"?>
<!-- Generated by org.testng.reporters.JUnitReportReporter -->
<testsuite hostname="DTLP37" failures="0" tests="1" name="Practice.TestNG2" time="0.119" errors="0" timestamp="2024-03-20T15:36:27 IST" skipped="0">
  <testcase classname="Practice.TestNG2" name="VerifyTitle" time="0.119"/>
  <system-out/>
</testsuite> <!-- Practice.TestNG2 -->
