<?xml version="1.0" encoding="UTF-8"?>
<!-- Generated by org.testng.reporters.JUnitReportReporter -->
<testsuite hostname="DTLP37" failures="0" tests="2" name="Practice.Crossbroswer_Testing" time="14.546" errors="0" timestamp="2024-03-21T15:38:55 IST" skipped="0">
  <testcase classname="Practice.Crossbroswer_Testing" name="launchingWebsite" time="6.089"/>
  <system-out/>
  <testcase classname="Practice.Crossbroswer_Testing" name="launchingWebsite" time="8.457"/>
  <system-out/>
</testsuite> <!-- Practice.Crossbroswer_Testing -->
