<?xml version="1.0" encoding="UTF-8"?>
<!-- Generated by org.testng.reporters.JUnitReportReporter -->
<testsuite hostname="DTLP37" failures="0" tests="2" name="Practice.Attributes" time="0.038" errors="0" timestamp="2024-03-21T12:15:29 IST" skipped="0">
  <testcase classname="Practice.Attributes" name="Test2" time="0.023"/>
  <system-out/>
  <testcase classname="Practice.Attributes" name="Test1" time="0.015"/>
  <system-out/>
</testsuite> <!-- Practice.Attributes -->
