<?xml version="1.0" encoding="UTF-8"?>
<!-- Generated by org.testng.reporters.JUnitReportReporter -->
<testsuite hostname="DTLP37" failures="0" tests="2" name="Practice.TestNG_TestForAmazon" time="35.491" errors="0" timestamp="2024-03-20T17:29:31 IST" skipped="0">
  <testcase classname="Practice.TestNG_TestForAmazon" name="Product1" time="13.413"/>
  <system-out/>
  <testcase classname="Practice.TestNG_TestForAmazon" name="Product2" time="22.078"/>
  <system-out/>
</testsuite> <!-- Practice.TestNG_TestForAmazon -->
