<?xml version="1.0" encoding="UTF-8"?>
<!-- Generated by org.testng.reporters.JUnitReportReporter -->
<testsuite hostname="DTLP37" failures="0" tests="2" name="Practice.TestNG1" time="0.048" errors="0" timestamp="2024-04-01T11:57:27 IST" skipped="0">
  <testcase classname="Practice.TestNG1" name="Test" time="0.028"/>
  <system-out/>
  <testcase classname="Practice.TestNG1" name="Test1" time="0.020"/>
  <system-out/>
</testsuite> <!-- Practice.TestNG1 -->
